<?xml version="1.0" encoding="UTF-8"?>
<testsuite xmlns:xsi="http://www.w3.org/2001/XMLSchema-instance" xsi:noNamespaceSchemaLocation="https://maven.apache.org/surefire/maven-surefire-plugin/xsd/surefire-test-report-3.0.xsd" version="3.0" name="calc.DynamicCalculatorTest" time="0.078" tests="17" errors="0" skipped="0" failures="0">
  <properties>
    <property name="java.specification.version" value="21"/>
    <property name="sun.cpu.isalist" value="amd64"/>
    <property name="sun.jnu.encoding" value="Cp1251"/>
    <property name="java.class.path" value="C:\Users\LazSa\Desktop\AutoTests\lab1\target\test-classes;C:\Users\LazSa\Desktop\AutoTests\lab1\target\classes;C:\Users\LazSa\.m2\repository\org\junit\jupiter\junit-jupiter\5.10.0\junit-jupiter-5.10.0.jar;C:\Users\LazSa\.m2\repository\org\junit\jupiter\junit-jupiter-api\5.10.0\junit-jupiter-api-5.10.0.jar;C:\Users\LazSa\.m2\repository\org\opentest4j\opentest4j\1.3.0\opentest4j-1.3.0.jar;C:\Users\LazSa\.m2\repository\org\junit\platform\junit-platform-commons\1.10.0\junit-platform-commons-1.10.0.jar;C:\Users\LazSa\.m2\repository\org\apiguardian\apiguardian-api\1.1.2\apiguardian-api-1.1.2.jar;C:\Users\LazSa\.m2\repository\org\junit\jupiter\junit-jupiter-params\5.10.0\junit-jupiter-params-5.10.0.jar;C:\Users\LazSa\.m2\repository\org\junit\jupiter\junit-jupiter-engine\5.10.0\junit-jupiter-engine-5.10.0.jar;C:\Users\LazSa\.m2\repository\org\junit\platform\junit-platform-engine\1.10.0\junit-platform-engine-1.10.0.jar;"/>
    <property name="java.vm.vendor" value="Oracle Corporation"/>
    <property name="sun.arch.data.model" value="64"/>
    <property name="user.variant" value=""/>
    <property name="java.vendor.url" value="https://java.oracle.com/"/>
    <property name="user.timezone" value="Europe/Samara"/>
    <property name="os.name" value="Windows 11"/>
    <property name="java.vm.specification.version" value="21"/>
    <property name="sun.java.launcher" value="SUN_STANDARD"/>
    <property name="user.country" value="RU"/>
    <property name="sun.boot.library.path" value="C:\Program Files\Java\jdk-21\bin"/>
    <property name="sun.java.command" value="C:\Users\LazSa\AppData\Local\Temp\surefire12022375430969451697\surefirebooter-20250919112550689_3.jar C:\Users\LazSa\AppData\Local\Temp\surefire12022375430969451697 2025-09-19T11-25-50_390-jvmRun1 surefire-20250919112550689_1tmp surefire_0-20250919112550689_2tmp"/>
    <property name="jdk.debug" value="release"/>
    <property name="surefire.test.class.path" value="C:\Users\LazSa\Desktop\AutoTests\lab1\target\test-classes;C:\Users\LazSa\Desktop\AutoTests\lab1\target\classes;C:\Users\LazSa\.m2\repository\org\junit\jupiter\junit-jupiter\5.10.0\junit-jupiter-5.10.0.jar;C:\Users\LazSa\.m2\repository\org\junit\jupiter\junit-jupiter-api\5.10.0\junit-jupiter-api-5.10.0.jar;C:\Users\LazSa\.m2\repository\org\opentest4j\opentest4j\1.3.0\opentest4j-1.3.0.jar;C:\Users\LazSa\.m2\repository\org\junit\platform\junit-platform-commons\1.10.0\junit-platform-commons-1.10.0.jar;C:\Users\LazSa\.m2\repository\org\apiguardian\apiguardian-api\1.1.2\apiguardian-api-1.1.2.jar;C:\Users\LazSa\.m2\repository\org\junit\jupiter\junit-jupiter-params\5.10.0\junit-jupiter-params-5.10.0.jar;C:\Users\LazSa\.m2\repository\org\junit\jupiter\junit-jupiter-engine\5.10.0\junit-jupiter-engine-5.10.0.jar;C:\Users\LazSa\.m2\repository\org\junit\platform\junit-platform-engine\1.10.0\junit-platform-engine-1.10.0.jar;"/>
    <property name="sun.cpu.endian" value="little"/>
    <property name="user.home" value="C:\Users\LazSa"/>
    <property name="user.language" value="ru"/>
    <property name="java.specification.vendor" value="Oracle Corporation"/>
    <property name="java.version.date" value="2025-07-15"/>
    <property name="java.home" value="C:\Program Files\Java\jdk-21"/>
    <property name="file.separator" value="\"/>
    <property name="basedir" value="C:\Users\LazSa\Desktop\AutoTests\lab1"/>
    <property name="java.vm.compressedOopsMode" value="Zero based"/>
    <property name="line.separator" value="&#10;"/>
    <property name="java.vm.specification.vendor" value="Oracle Corporation"/>
    <property name="java.specification.name" value="Java Platform API Specification"/>
    <property name="surefire.real.class.path" value="C:\Users\LazSa\AppData\Local\Temp\surefire12022375430969451697\surefirebooter-20250919112550689_3.jar"/>
    <property name="user.script" value=""/>
    <property name="sun.management.compiler" value="HotSpot 64-Bit Tiered Compilers"/>
    <property name="java.runtime.version" value="21.0.8+12-LTS-250"/>
    <property name="user.name" value="Hanzo"/>
    <property name="stdout.encoding" value="Cp1251"/>
    <property name="path.separator" value=";"/>
    <property name="os.version" value="10.0"/>
    <property name="java.runtime.name" value="Java(TM) SE Runtime Environment"/>
    <property name="file.encoding" value="UTF-8"/>
    <property name="java.vm.name" value="Java HotSpot(TM) 64-Bit Server VM"/>
    <property name="localRepository" value="C:\Users\LazSa\.m2\repository"/>
    <property name="java.vendor.url.bug" value="https://bugreport.java.com/bugreport/"/>
    <property name="java.io.tmpdir" value="C:\Users\LazSa\AppData\Local\Temp\"/>
    <property name="java.version" value="21.0.8"/>
    <property name="user.dir" value="C:\Users\LazSa\Desktop\AutoTests\lab1"/>
    <property name="os.arch" value="amd64"/>
    <property name="java.vm.specification.name" value="Java Virtual Machine Specification"/>
    <property name="sun.os.patch.level" value=""/>
    <property name="native.encoding" value="Cp1251"/>
    <property name="java.library.path" value="C:\Program Files\Java\jdk-21\bin;C:\WINDOWS\Sun\Java\bin;C:\WINDOWS\system32;C:\WINDOWS;C:\Program Files\PowerShell\7;H:\VMware\bin\;C:\Program Files\Common Files\Oracle\Java\javapath;C:\Program Files (x86)\Common Files\Oracle\Java\java8path;C:\Program Files (x86)\Common Files\Oracle\Java\javapath;C:\Program Files\Common Files\Siemens\Automation\Simatic OAM\bin;C:\Program Files\NVIDIA\CUDNN\v9.5\bin;C:\Program Files\NVIDIA GPU Computing Toolkit\CUDA\v12.6\bin;C:\Program Files\NVIDIA GPU Computing Toolkit\CUDA\v12.6\libnvvp;C:\Program Files\Microsoft\jdk-11.0.16.101-hotspot\bin;C:\Windows\system32;C:\Windows;C:\Windows\System32\Wbem;C:\Windows\System32\WindowsPowerShell\v1.0\;C:\Windows\System32\OpenSSH\;C:\Program Files (x86)\NVIDIA Corporation\PhysX\Common;C:\WINDOWS\system32;C:\WINDOWS;C:\WINDOWS\System32\Wbem;C:\WINDOWS\System32\WindowsPowerShell\v1.0\;C:\WINDOWS\System32\OpenSSH\;C:\Program Files\Git\cmd;C:\Program Files (x86)\Common Files\Acronis\SnapAPI\;C:\Program Files\dotnet\;C:\Program Files\nodejs\;C:\ProgramData\chocolatey\bin;C:\Program Files\NVIDIA Corporation\Nsight Compute 2024.3.2\;C:\Program Files\NVIDIA Corporation\NVIDIA app\NvDLISR;D:\Siemens\Automation\WinCC_OA\3.18\bin\;C:\Program Files (x86)\Subversion\bin;D:\Siemens\Automation\WinCC_OA\3.17\bin\;C:\Program Files\Docker\Docker\resources\bin;C:\Program Files\PowerShell\7\;C:\Program Files\Java\apache-maven-3.9.11\bin;;H:\QNX650\host\win32\x86\usr\bin;C:\Program Files (x86)\QNX Software Systems\bin;C:\Users\LazSa\AppData\Local\Programs\Python\Python313\Scripts\;C:\Users\LazSa\AppData\Local\Programs\Python\Python313\;C:\Program Files\Common Files\Oracle\Java\javapath;C:\Program Files\Common Files\Siemens\Automation\Simatic OAM\bin;C:\Program Files\NVIDIA\CUDNN\v9.5\bin;C:\Program Files\NVIDIA GPU Computing Toolkit\CUDA\v12.6\bin;C:\Program Files\NVIDIA GPU Computing Toolkit\CUDA\v12.6\libnvvp;C:\Program Files\Microsoft\jdk-11.0.16.101-hotspot\bin;C:\Windows\system32;C:\Windows;C:\Windows\System32\Wbem;C:\Windows\System32\WindowsPowerShell\v1.0\;C:\Windows\System32\OpenSSH\;C:\Program Files (x86)\NVIDIA Corporation\PhysX\Common;C:\WINDOWS\system32;C:\WINDOWS;C:\WINDOWS\System32\Wbem;C:\WINDOWS\System32\WindowsPowerShell\v1.0\;C:\WINDOWS\System32\OpenSSH\;C:\Program Files\Git\cmd;C:\Program Files (x86)\Common Files\Acronis\SnapAPI\;C:\Program Files\dotnet\;C:\Program Files\nodejs\;C:\ProgramData\chocolatey\bin;C:\Program Files\NVIDIA Corporation\Nsight Compute 2024.3.2\;C:\Program Files\NVIDIA Corporation\NVIDIA app\NvDLISR;D:\Siemens\Automation\WinCC_OA\3.18\bin\;C:\Program Files (x86)\Subversion\bin;D:\Siemens\Automation\WinCC_OA\3.17\bin\;C:\Program Files\PowerShell\7\;C:\Program Files\Hadoop\bin;C:\Users\LazSa\AppData\Local\Programs\Microsoft VS Code\bin;C:\Users\LazSa\.dotnet\tools;C:\Program Files\Hadoop\bin;C:\Users\LazSa\AppData\Local\Programs\Microsoft VS Code\bin;C:\Users\LazSa\.dotnet\tools;C:\Users\LazSa\AppData\Local\Programs\Fiddler;c:\Users\LazSa\.vscode\extensions\ms-python.debugpy-2025.10.0-win32-x64\bundled\scripts\noConfigScripts;c:\Users\LazSa\AppData\Roaming\Code\User\globalStorage\github.copilot-chat\debugCommand;."/>
    <property name="java.vm.info" value="mixed mode, sharing"/>
    <property name="stderr.encoding" value="Cp1251"/>
    <property name="java.vendor" value="Oracle Corporation"/>
    <property name="java.vm.version" value="21.0.8+12-LTS-250"/>
    <property name="sun.io.unicode.encoding" value="UnicodeLittle"/>
    <property name="java.class.version" value="65.0"/>
  </properties>
  <testcase name="dynamicMultiplicationTests" classname="calc.DynamicCalculatorTest" time="0.002"/>
  <testcase name="dynamicMultiplicationTests" classname="calc.DynamicCalculatorTest" time="0.0"/>
  <testcase name="dynamicMultiplicationTests" classname="calc.DynamicCalculatorTest" time="0.0"/>
  <testcase name="dynamicMultiplicationTests" classname="calc.DynamicCalculatorTest" time="0.0"/>
  <testcase name="dynamicSubtractionTests" classname="calc.DynamicCalculatorTest" time="0.0"/>
  <testcase name="dynamicSubtractionTests" classname="calc.DynamicCalculatorTest" time="0.0"/>
  <testcase name="dynamicSubtractionTests" classname="calc.DynamicCalculatorTest" time="0.0"/>
  <testcase name="dynamicSubtractionTests" classname="calc.DynamicCalculatorTest" time="0.001"/>
  <testcase name="dynamicDivisionTests" classname="calc.DynamicCalculatorTest" time="0.0"/>
  <testcase name="dynamicDivisionTests" classname="calc.DynamicCalculatorTest" time="0.0"/>
  <testcase name="dynamicDivisionTests" classname="calc.DynamicCalculatorTest" time="0.0"/>
  <testcase name="dynamicDivisionTests" classname="calc.DynamicCalculatorTest" time="0.0"/>
  <testcase name="dynamicDivisionTests" classname="calc.DynamicCalculatorTest" time="0.001"/>
  <testcase name="dynamicAdditionTests" classname="calc.DynamicCalculatorTest" time="0.001"/>
  <testcase name="dynamicAdditionTests" classname="calc.DynamicCalculatorTest" time="0.001"/>
  <testcase name="dynamicAdditionTests" classname="calc.DynamicCalculatorTest" time="0.0"/>
  <testcase name="dynamicAdditionTests" classname="calc.DynamicCalculatorTest" time="0.0"/>
</testsuite>